{"C:\\Users\\user\\Desktop\\React 2024\\React-2024\\React-2024\\src\\Page.tsx": {"path":"C:\\Users\\user\\Desktop\\React 2024\\React-2024\\React-2024\\src\\Page.tsx","statementMap":{"0":{"start":{"line":1,"column":0},"end":{"line":1,"column":44}},"1":{"start":{"line":2,"column":0},"end":{"line":2,"column":45}},"2":{"start":{"line":3,"column":0},"end":{"line":3,"column":42}},"3":{"start":{"line":4,"column":0},"end":{"line":4,"column":69}},"4":{"start":{"line":6,"column":0},"end":{"line":6,"column":62}},"5":{"start":{"line":7,"column":0},"end":{"line":7,"column":60}},"6":{"start":{"line":10,"column":22},"end":{"line":10,"column":47}},"7":{"start":{"line":12,"column":50},"end":{"line":13,"column":null}},"8":{"start":{"line":15,"column":40},"end":{"line":15,"column":71}},"9":{"start":{"line":16,"column":25},"end":{"line":16,"column":48}},"10":{"start":{"line":17,"column":24},"end":{"line":17,"column":44}},"11":{"start":{"line":18,"column":52},"end":{"line":18,"column":72}},"12":{"start":{"line":19,"column":40},"end":{"line":19,"column":59}},"13":{"start":{"line":21,"column":19},"end":{"line":21,"column":32}},"14":{"start":{"line":22,"column":19},"end":{"line":22,"column":32}},"15":{"start":{"line":24,"column":2},"end":{"line":28,"column":40}},"16":{"start":{"line":25,"column":19},"end":{"line":25,"column":55}},"17":{"start":{"line":26,"column":17},"end":{"line":26,"column":56}},"18":{"start":{"line":27,"column":4},"end":{"line":27,"column":25}},"19":{"start":{"line":29,"column":2},"end":{"line":36,"column":9}},"20":{"start":{"line":30,"column":22},"end":{"line":30,"column":49}},"21":{"start":{"line":31,"column":24},"end":{"line":31,"column":54}},"22":{"start":{"line":32,"column":24},"end":{"line":32,"column":62}},"23":{"start":{"line":33,"column":30},"end":{"line":33,"column":72}},"24":{"start":{"line":34,"column":4},"end":{"line":34,"column":32}},"25":{"start":{"line":35,"column":4},"end":{"line":35,"column":44}},"26":{"start":{"line":38,"column":22},"end":{"line":60,"column":3}},"27":{"start":{"line":39,"column":4},"end":{"line":45,"column":null}},"28":{"start":{"line":40,"column":6},"end":{"line":40,"column":37}},"29":{"start":{"line":41,"column":6},"end":{"line":41,"column":40}},"30":{"start":{"line":42,"column":6},"end":{"line":42,"column":25}},"31":{"start":{"line":43,"column":6},"end":{"line":43,"column":31}},"32":{"start":{"line":44,"column":6},"end":{"line":44,"column":13}},"33":{"start":{"line":46,"column":4},"end":{"line":46,"column":21}},"34":{"start":{"line":47,"column":4},"end":{"line":47,"column":22}},"35":{"start":{"line":48,"column":4},"end":{"line":48,"column":40}},"36":{"start":{"line":49,"column":16},"end":{"line":49,"column":64}},"37":{"start":{"line":50,"column":4},"end":{"line":59,"column":9}},"38":{"start":{"line":51,"column":26},"end":{"line":51,"column":41}},"39":{"start":{"line":53,"column":8},"end":{"line":53,"column":42}},"40":{"start":{"line":54,"column":8},"end":{"line":54,"column":26}},"41":{"start":{"line":55,"column":8},"end":{"line":55,"column":37}},"42":{"start":{"line":56,"column":8},"end":{"line":57,"column":65}},"43":{"start":{"line":58,"column":8},"end":{"line":58,"column":66}},"44":{"start":{"line":61,"column":24},"end":{"line":65,"column":3}},"45":{"start":{"line":62,"column":21},"end":{"line":62,"column":36}},"46":{"start":{"line":63,"column":4},"end":{"line":63,"column":29}},"47":{"start":{"line":64,"column":4},"end":{"line":64,"column":34}},"48":{"start":{"line":67,"column":24},"end":{"line":71,"column":3}},"49":{"start":{"line":68,"column":21},"end":{"line":68,"column":58}},"50":{"start":{"line":69,"column":4},"end":{"line":69,"column":29}},"51":{"start":{"line":70,"column":4},"end":{"line":70,"column":34}},"52":{"start":{"line":73,"column":2},"end":{"line":92,"column":4}},"53":{"start":{"line":95,"column":0},"end":{"line":95,"column":20}}},"fnMap":{"0":{"name":"Page","decl":{"start":{"line":9,"column":9},"end":{"line":9,"column":13}},"loc":{"start":{"line":9,"column":13},"end":{"line":93,"column":1}}},"1":{"name":"(anonymous_1)","decl":{"start":{"line":24,"column":12},"end":{"line":24,"column":15}},"loc":{"start":{"line":24,"column":17},"end":{"line":28,"column":3}}},"2":{"name":"(anonymous_2)","decl":{"start":{"line":29,"column":12},"end":{"line":29,"column":15}},"loc":{"start":{"line":29,"column":17},"end":{"line":36,"column":3}}},"3":{"name":"(anonymous_3)","decl":{"start":{"line":38,"column":22},"end":{"line":38,"column":23}},"loc":{"start":{"line":38,"column":47},"end":{"line":60,"column":3}}},"4":{"name":"(anonymous_4)","decl":{"start":{"line":51,"column":12},"end":{"line":51,"column":13}},"loc":{"start":{"line":51,"column":26},"end":{"line":51,"column":41}}},"5":{"name":"(anonymous_5)","decl":{"start":{"line":52,"column":12},"end":{"line":52,"column":13}},"loc":{"start":{"line":52,"column":21},"end":{"line":59,"column":7}}},"6":{"name":"(anonymous_6)","decl":{"start":{"line":61,"column":24},"end":{"line":61,"column":27}},"loc":{"start":{"line":61,"column":29},"end":{"line":65,"column":3}}},"7":{"name":"(anonymous_7)","decl":{"start":{"line":67,"column":24},"end":{"line":67,"column":27}},"loc":{"start":{"line":67,"column":29},"end":{"line":71,"column":3}}}},"branchMap":{"0":{"loc":{"start":{"line":26,"column":26},"end":{"line":26,"column":51}},"type":"binary-expr","locations":[{"start":{"line":26,"column":26},"end":{"line":26,"column":44}},{"start":{"line":26,"column":48},"end":{"line":26,"column":51}}]},"1":{"loc":{"start":{"line":32,"column":24},"end":{"line":32,"column":62}},"type":"cond-expr","locations":[{"start":{"line":32,"column":36},"end":{"line":32,"column":57}},{"start":{"line":32,"column":60},"end":{"line":32,"column":62}}]},"2":{"loc":{"start":{"line":33,"column":30},"end":{"line":33,"column":72}},"type":"cond-expr","locations":[{"start":{"line":33,"column":44},"end":{"line":33,"column":67}},{"start":{"line":33,"column":70},"end":{"line":33,"column":72}}]},"3":{"loc":{"start":{"line":39,"column":4},"end":{"line":45,"column":null}},"type":"if","locations":[{"start":{"line":39,"column":4},"end":{"line":45,"column":null}}]},"4":{"loc":{"start":{"line":68,"column":21},"end":{"line":68,"column":58}},"type":"cond-expr","locations":[{"start":{"line":68,"column":39},"end":{"line":68,"column":54}},{"start":{"line":68,"column":57},"end":{"line":68,"column":58}}]}},"s":{"0":1,"1":1,"2":1,"3":1,"4":1,"5":1,"6":6,"7":6,"8":6,"9":6,"10":6,"11":6,"12":6,"13":6,"14":6,"15":6,"16":3,"17":3,"18":3,"19":6,"20":1,"21":1,"22":1,"23":1,"24":1,"25":1,"26":6,"27":0,"28":0,"29":0,"30":0,"31":0,"32":0,"33":0,"34":0,"35":0,"36":0,"37":0,"38":0,"39":0,"40":0,"41":0,"42":0,"43":0,"44":6,"45":1,"46":1,"47":1,"48":6,"49":1,"50":1,"51":1,"52":6,"53":1},"f":{"0":6,"1":3,"2":1,"3":0,"4":0,"5":0,"6":1,"7":1},"b":{"0":[3,1],"1":[0,1],"2":[0,1],"3":[0],"4":[1,0]}}
,"C:\\Users\\user\\Desktop\\React 2024\\React-2024\\React-2024\\src\\Page_404\\Page_404.tsx": {"path":"C:\\Users\\user\\Desktop\\React 2024\\React-2024\\React-2024\\src\\Page_404\\Page_404.tsx","statementMap":{"0":{"start":{"line":1,"column":0},"end":{"line":1,"column":67}},"1":{"start":{"line":4,"column":2},"end":{"line":9,"column":4}},"2":{"start":{"line":11,"column":0},"end":{"line":11,"column":24}}},"fnMap":{"0":{"name":"Page_404","decl":{"start":{"line":3,"column":9},"end":{"line":3,"column":17}},"loc":{"start":{"line":3,"column":17},"end":{"line":10,"column":1}}}},"branchMap":{},"s":{"0":1,"1":1,"2":1},"f":{"0":1},"b":{}}
,"C:\\Users\\user\\Desktop\\React 2024\\React-2024\\React-2024\\src\\components\\CartItem\\CartItem.tsx": {"path":"C:\\Users\\user\\Desktop\\React 2024\\React-2024\\React-2024\\src\\components\\CartItem\\CartItem.tsx","statementMap":{"0":{"start":{"line":1,"column":0},"end":{"line":1,"column":61}},"1":{"start":{"line":3,"column":0},"end":{"line":3,"column":50}},"2":{"start":{"line":4,"column":0},"end":{"line":4,"column":24}},"3":{"start":{"line":5,"column":0},"end":{"line":5,"column":47}},"4":{"start":{"line":13,"column":19},"end":{"line":13,"column":32}},"5":{"start":{"line":15,"column":23},"end":{"line":15,"column":59}},"6":{"start":{"line":17,"column":2},"end":{"line":34,"column":4}},"7":{"start":{"line":37,"column":0},"end":{"line":37,"column":24}}},"fnMap":{"0":{"name":"CartItem","decl":{"start":{"line":12,"column":9},"end":{"line":12,"column":17}},"loc":{"start":{"line":12,"column":45},"end":{"line":35,"column":1}}}},"branchMap":{"0":{"loc":{"start":{"line":20,"column":25},"end":{"line":20,"column":57}},"type":"cond-expr","locations":[{"start":{"line":20,"column":40},"end":{"line":20,"column":52}},{"start":{"line":20,"column":55},"end":{"line":20,"column":57}}]},"1":{"loc":{"start":{"line":23,"column":31},"end":{"line":23,"column":67}},"type":"cond-expr","locations":[{"start":{"line":23,"column":46},"end":{"line":23,"column":62}},{"start":{"line":23,"column":65},"end":{"line":23,"column":67}}]},"2":{"loc":{"start":{"line":29,"column":33},"end":{"line":29,"column":71}},"type":"cond-expr","locations":[{"start":{"line":29,"column":48},"end":{"line":29,"column":66}},{"start":{"line":29,"column":69},"end":{"line":29,"column":71}}]},"3":{"loc":{"start":{"line":19,"column":11},"end":{"line":19,"column":24}},"type":"binary-expr","locations":[{"start":{"line":19,"column":11},"end":{"line":19,"column":15}},{"start":{"line":19,"column":19},"end":{"line":19,"column":24}}]}},"s":{"0":3,"1":3,"2":3,"3":3,"4":2,"5":2,"6":2,"7":3},"f":{"0":2},"b":{"0":[0,2],"1":[0,2],"2":[0,2],"3":[2,0]}}
,"C:\\Users\\user\\Desktop\\React 2024\\React-2024\\React-2024\\src\\components\\Carts\\Carts.tsx": {"path":"C:\\Users\\user\\Desktop\\React 2024\\React-2024\\React-2024\\src\\components\\Carts\\Carts.tsx","statementMap":{"0":{"start":{"line":1,"column":0},"end":{"line":1,"column":69}},"1":{"start":{"line":2,"column":0},"end":{"line":2,"column":21}},"2":{"start":{"line":3,"column":0},"end":{"line":3,"column":44}},"3":{"start":{"line":11,"column":16},"end":{"line":11,"column":30}},"4":{"start":{"line":12,"column":2},"end":{"line":12,"column":33}},"5":{"start":{"line":10,"column":0},"end":{"line":10,"column":16}},"6":{"start":{"line":16,"column":19},"end":{"line":16,"column":32}},"7":{"start":{"line":17,"column":19},"end":{"line":17,"column":32}},"8":{"start":{"line":18,"column":23},"end":{"line":18,"column":59}},"9":{"start":{"line":19,"column":30},"end":{"line":23,"column":3}},"10":{"start":{"line":20,"column":4},"end":{"line":22,"column":null}},"11":{"start":{"line":21,"column":6},"end":{"line":21,"column":19}},"12":{"start":{"line":25,"column":2},"end":{"line":61,"column":4}},"13":{"start":{"line":35,"column":12},"end":{"line":35,"column":28}},"14":{"start":{"line":46,"column":20},"end":{"line":46,"column":73}},"15":{"start":{"line":56,"column":12},"end":{"line":56,"column":33}},"16":{"start":{"line":64,"column":0},"end":{"line":64,"column":21}}},"fnMap":{"0":{"name":"extractIdFromUrl","decl":{"start":{"line":10,"column":16},"end":{"line":10,"column":32}},"loc":{"start":{"line":10,"column":44},"end":{"line":13,"column":1}}},"1":{"name":"Carts","decl":{"start":{"line":15,"column":9},"end":{"line":15,"column":14}},"loc":{"start":{"line":15,"column":49},"end":{"line":62,"column":1}}},"2":{"name":"(anonymous_2)","decl":{"start":{"line":19,"column":30},"end":{"line":19,"column":33}},"loc":{"start":{"line":19,"column":35},"end":{"line":23,"column":3}}},"3":{"name":"(anonymous_3)","decl":{"start":{"line":34,"column":20},"end":{"line":34,"column":21}},"loc":{"start":{"line":35,"column":12},"end":{"line":35,"column":28}}},"4":{"name":"(anonymous_4)","decl":{"start":{"line":45,"column":29},"end":{"line":45,"column":30}},"loc":{"start":{"line":46,"column":20},"end":{"line":46,"column":73}}},"5":{"name":"(anonymous_5)","decl":{"start":{"line":55,"column":26},"end":{"line":55,"column":27}},"loc":{"start":{"line":56,"column":12},"end":{"line":56,"column":33}}}},"branchMap":{"0":{"loc":{"start":{"line":20,"column":4},"end":{"line":22,"column":null}},"type":"if","locations":[{"start":{"line":20,"column":4},"end":{"line":22,"column":null}}]},"1":{"loc":{"start":{"line":29,"column":32},"end":{"line":29,"column":69}},"type":"cond-expr","locations":[{"start":{"line":29,"column":47},"end":{"line":29,"column":64}},{"start":{"line":29,"column":67},"end":{"line":29,"column":69}}]},"2":{"loc":{"start":{"line":31,"column":9},"end":{"line":57,"column":null}},"type":"cond-expr","locations":[{"start":{"line":32,"column":10},"end":{"line":32,"column":39}},{"start":{"line":33,"column":12},"end":{"line":57,"column":null}}]},"3":{"loc":{"start":{"line":33,"column":12},"end":{"line":57,"column":null}},"type":"cond-expr","locations":[{"start":{"line":34,"column":10},"end":{"line":53,"column":12}},{"start":{"line":55,"column":10},"end":{"line":57,"column":12}}]},"4":{"loc":{"start":{"line":36,"column":15},"end":{"line":50,"column":null}},"type":"cond-expr","locations":[{"start":{"line":37,"column":16},"end":{"line":38,"column":null}},{"start":{"line":41,"column":16},"end":{"line":42,"column":null}}]},"5":{"loc":{"start":{"line":46,"column":20},"end":{"line":46,"column":73}},"type":"cond-expr","locations":[{"start":{"line":46,"column":32},"end":{"line":46,"column":41}},{"start":{"line":46,"column":44},"end":{"line":46,"column":73}}]},"6":{"loc":{"start":{"line":46,"column":44},"end":{"line":46,"column":73}},"type":"cond-expr","locations":[{"start":{"line":46,"column":55},"end":{"line":46,"column":68}},{"start":{"line":46,"column":71},"end":{"line":46,"column":73}}]}},"s":{"0":3,"1":3,"2":3,"3":7,"4":7,"5":3,"6":5,"7":5,"8":5,"9":5,"10":0,"11":0,"12":5,"13":2,"14":2,"15":0,"16":3},"f":{"0":7,"1":5,"2":0,"3":2,"4":2,"5":0},"b":{"0":[0],"1":[0,5],"2":[4,1],"3":[1,0],"4":[0,2],"5":[0,2],"6":[0,2]}}
,"C:\\Users\\user\\Desktop\\React 2024\\React-2024\\React-2024\\src\\components\\ErrorBoundary\\ErrorBoundary.tsx": {"path":"C:\\Users\\user\\Desktop\\React 2024\\React-2024\\React-2024\\src\\components\\ErrorBoundary\\ErrorBoundary.tsx","statementMap":{"0":{"start":{"line":1,"column":0},"end":{"line":1,"column":41}},"1":{"start":{"line":2,"column":0},"end":{"line":2,"column":29}},"2":{"start":{"line":7,"column":4},"end":{"line":7,"column":17}},"3":{"start":{"line":8,"column":4},"end":{"line":12,"column":6}},"4":{"start":{"line":16,"column":4},"end":{"line":16,"column":37}},"5":{"start":{"line":20,"column":4},"end":{"line":24,"column":7}},"6":{"start":{"line":25,"column":4},"end":{"line":25,"column":36}},"7":{"start":{"line":29,"column":4},"end":{"line":36,"column":null}},"8":{"start":{"line":30,"column":6},"end":{"line":35,"column":8}},"9":{"start":{"line":38,"column":4},"end":{"line":38,"column":31}},"10":{"start":{"line":41,"column":0},"end":{"line":41,"column":29}}},"fnMap":{"0":{"name":"(anonymous_0)","decl":{"start":{"line":6,"column":2},"end":{"line":6,"column":14}},"loc":{"start":{"line":6,"column":39},"end":{"line":13,"column":3}}},"1":{"name":"(anonymous_1)","decl":{"start":{"line":15,"column":2},"end":{"line":15,"column":8}},"loc":{"start":{"line":15,"column":46},"end":{"line":17,"column":3}}},"2":{"name":"(anonymous_2)","decl":{"start":{"line":19,"column":2},"end":{"line":19,"column":19}},"loc":{"start":{"line":19,"column":60},"end":{"line":26,"column":3}}},"3":{"name":"(anonymous_3)","decl":{"start":{"line":28,"column":2},"end":{"line":28,"column":8}},"loc":{"start":{"line":28,"column":8},"end":{"line":39,"column":3}}}},"branchMap":{"0":{"loc":{"start":{"line":29,"column":4},"end":{"line":36,"column":null}},"type":"if","locations":[{"start":{"line":29,"column":4},"end":{"line":36,"column":null}}]}},"s":{"0":2,"1":2,"2":5,"3":4,"4":2,"5":1,"6":1,"7":10,"8":3,"9":7,"10":2},"f":{"0":5,"1":2,"2":1,"3":10},"b":{"0":[3]}}
,"C:\\Users\\user\\Desktop\\React 2024\\React-2024\\React-2024\\src\\components\\ErrorButton\\ErrorButton.tsx": {"path":"C:\\Users\\user\\Desktop\\React 2024\\React-2024\\React-2024\\src\\components\\ErrorButton\\ErrorButton.tsx","statementMap":{"0":{"start":{"line":1,"column":0},"end":{"line":1,"column":40}},"1":{"start":{"line":2,"column":0},"end":{"line":2,"column":27}},"2":{"start":{"line":5,"column":30},"end":{"line":25,"column":1}},"3":{"start":{"line":6,"column":28},"end":{"line":9,"column":4}},"4":{"start":{"line":11,"column":22},"end":{"line":14,"column":3}},"5":{"start":{"line":12,"column":4},"end":{"line":12,"column":46}},"6":{"start":{"line":13,"column":4},"end":{"line":13,"column":38}},"7":{"start":{"line":16,"column":2},"end":{"line":18,"column":null}},"8":{"start":{"line":17,"column":4},"end":{"line":17,"column":38}},"9":{"start":{"line":20,"column":2},"end":{"line":24,"column":4}},"10":{"start":{"line":27,"column":0},"end":{"line":27,"column":27}}},"fnMap":{"0":{"name":"(anonymous_0)","decl":{"start":{"line":5,"column":30},"end":{"line":5,"column":33}},"loc":{"start":{"line":5,"column":35},"end":{"line":25,"column":1}}},"1":{"name":"(anonymous_1)","decl":{"start":{"line":11,"column":22},"end":{"line":11,"column":25}},"loc":{"start":{"line":11,"column":27},"end":{"line":14,"column":3}}}},"branchMap":{"0":{"loc":{"start":{"line":16,"column":2},"end":{"line":18,"column":null}},"type":"if","locations":[{"start":{"line":16,"column":2},"end":{"line":18,"column":null}}]}},"s":{"0":2,"1":2,"2":2,"3":7,"4":7,"5":0,"6":0,"7":7,"8":0,"9":7,"10":2},"f":{"0":7,"1":0},"b":{"0":[0]}}
,"C:\\Users\\user\\Desktop\\React 2024\\React-2024\\React-2024\\src\\components\\ErrorMessage\\ErrorMessage.tsx": {"path":"C:\\Users\\user\\Desktop\\React 2024\\React-2024\\React-2024\\src\\components\\ErrorMessage\\ErrorMessage.tsx","statementMap":{"0":{"start":{"line":2,"column":0},"end":{"line":2,"column":47}},"1":{"start":{"line":5,"column":19},"end":{"line":5,"column":32}},"2":{"start":{"line":6,"column":22},"end":{"line":8,"column":3}},"3":{"start":{"line":7,"column":4},"end":{"line":7,"column":18}},"4":{"start":{"line":10,"column":2},"end":{"line":15,"column":4}},"5":{"start":{"line":4,"column":0},"end":{"line":4,"column":24}}},"fnMap":{"0":{"name":"ErrorMessage","decl":{"start":{"line":4,"column":24},"end":{"line":4,"column":36}},"loc":{"start":{"line":4,"column":36},"end":{"line":16,"column":1}}},"1":{"name":"(anonymous_1)","decl":{"start":{"line":6,"column":22},"end":{"line":6,"column":25}},"loc":{"start":{"line":6,"column":27},"end":{"line":8,"column":3}}}},"branchMap":{},"s":{"0":2,"1":2,"2":2,"3":1,"4":2,"5":2},"f":{"0":2,"1":1},"b":{}}
,"C:\\Users\\user\\Desktop\\React 2024\\React-2024\\React-2024\\src\\components\\Main\\Main.tsx": {"path":"C:\\Users\\user\\Desktop\\React 2024\\React-2024\\React-2024\\src\\components\\Main\\Main.tsx","statementMap":{"0":{"start":{"line":1,"column":0},"end":{"line":1,"column":44}},"1":{"start":{"line":2,"column":0},"end":{"line":2,"column":20}},"2":{"start":{"line":3,"column":0},"end":{"line":3,"column":39}},"3":{"start":{"line":4,"column":0},"end":{"line":4,"column":35}},"4":{"start":{"line":14,"column":28},"end":{"line":14,"column":55}},"5":{"start":{"line":15,"column":34},"end":{"line":15,"column":58}},"6":{"start":{"line":17,"column":2},"end":{"line":27,"column":20}},"7":{"start":{"line":18,"column":4},"end":{"line":26,"column":9}},"8":{"start":{"line":19,"column":21},"end":{"line":19,"column":31}},"9":{"start":{"line":21,"column":8},"end":{"line":21,"column":26}},"10":{"start":{"line":22,"column":8},"end":{"line":22,"column":33}},"11":{"start":{"line":25,"column":8},"end":{"line":25,"column":26}},"12":{"start":{"line":29,"column":2},"end":{"line":31,"column":null}},"13":{"start":{"line":30,"column":4},"end":{"line":30,"column":22}},"14":{"start":{"line":33,"column":2},"end":{"line":33,"column":59}},"15":{"start":{"line":36,"column":0},"end":{"line":36,"column":20}}},"fnMap":{"0":{"name":"Main","decl":{"start":{"line":13,"column":9},"end":{"line":13,"column":13}},"loc":{"start":{"line":13,"column":55},"end":{"line":34,"column":1}}},"1":{"name":"(anonymous_1)","decl":{"start":{"line":17,"column":12},"end":{"line":17,"column":15}},"loc":{"start":{"line":17,"column":17},"end":{"line":27,"column":3}}},"2":{"name":"(anonymous_2)","decl":{"start":{"line":19,"column":12},"end":{"line":19,"column":13}},"loc":{"start":{"line":19,"column":21},"end":{"line":19,"column":31}}},"3":{"name":"(anonymous_3)","decl":{"start":{"line":20,"column":12},"end":{"line":20,"column":13}},"loc":{"start":{"line":20,"column":23},"end":{"line":23,"column":7}}},"4":{"name":"(anonymous_4)","decl":{"start":{"line":24,"column":13},"end":{"line":24,"column":16}},"loc":{"start":{"line":24,"column":18},"end":{"line":26,"column":7}}}},"branchMap":{"0":{"loc":{"start":{"line":29,"column":2},"end":{"line":31,"column":null}},"type":"if","locations":[{"start":{"line":29,"column":2},"end":{"line":31,"column":null}}]}},"s":{"0":1,"1":1,"2":1,"3":1,"4":6,"5":6,"6":6,"7":3,"8":3,"9":0,"10":0,"11":3,"12":6,"13":2,"14":4,"15":1},"f":{"0":6,"1":3,"2":3,"3":0,"4":3},"b":{"0":[2]}}
,"C:\\Users\\user\\Desktop\\React 2024\\React-2024\\React-2024\\src\\components\\PageItemCart\\PageItemCart.tsx": {"path":"C:\\Users\\user\\Desktop\\React 2024\\React-2024\\React-2024\\src\\components\\PageItemCart\\PageItemCart.tsx","statementMap":{"0":{"start":{"line":1,"column":0},"end":{"line":1,"column":44}},"1":{"start":{"line":2,"column":0},"end":{"line":2,"column":58}},"2":{"start":{"line":3,"column":0},"end":{"line":3,"column":28}},"3":{"start":{"line":4,"column":0},"end":{"line":4,"column":61}},"4":{"start":{"line":5,"column":0},"end":{"line":5,"column":39}},"5":{"start":{"line":7,"column":0},"end":{"line":7,"column":50}},"6":{"start":{"line":10,"column":32},"end":{"line":10,"column":56}},"7":{"start":{"line":11,"column":32},"end":{"line":11,"column":56}},"8":{"start":{"line":12,"column":26},"end":{"line":12,"column":60}},"9":{"start":{"line":13,"column":17},"end":{"line":13,"column":28}},"10":{"start":{"line":14,"column":19},"end":{"line":14,"column":32}},"11":{"start":{"line":16,"column":2},"end":{"line":28,"column":11}},"12":{"start":{"line":17,"column":4},"end":{"line":17,"column":21}},"13":{"start":{"line":18,"column":4},"end":{"line":27,"column":9}},"14":{"start":{"line":19,"column":21},"end":{"line":19,"column":31}},"15":{"start":{"line":21,"column":8},"end":{"line":21,"column":24}},"16":{"start":{"line":22,"column":8},"end":{"line":22,"column":26}},"17":{"start":{"line":25,"column":8},"end":{"line":25,"column":25}},"18":{"start":{"line":26,"column":8},"end":{"line":26,"column":21}},"19":{"start":{"line":30,"column":2},"end":{"line":37,"column":null}},"20":{"start":{"line":31,"column":4},"end":{"line":36,"column":6}},"21":{"start":{"line":39,"column":2},"end":{"line":41,"column":null}},"22":{"start":{"line":40,"column":4},"end":{"line":40,"column":42}},"23":{"start":{"line":43,"column":2},"end":{"line":45,"column":null}},"24":{"start":{"line":44,"column":4},"end":{"line":44,"column":37}},"25":{"start":{"line":46,"column":22},"end":{"line":48,"column":3}},"26":{"start":{"line":47,"column":4},"end":{"line":47,"column":17}},"27":{"start":{"line":50,"column":2},"end":{"line":99,"column":4}},"28":{"start":{"line":102,"column":0},"end":{"line":102,"column":28}}},"fnMap":{"0":{"name":"PageItemCart","decl":{"start":{"line":9,"column":9},"end":{"line":9,"column":21}},"loc":{"start":{"line":9,"column":21},"end":{"line":100,"column":1}}},"1":{"name":"(anonymous_1)","decl":{"start":{"line":16,"column":12},"end":{"line":16,"column":15}},"loc":{"start":{"line":16,"column":17},"end":{"line":28,"column":3}}},"2":{"name":"(anonymous_2)","decl":{"start":{"line":19,"column":12},"end":{"line":19,"column":13}},"loc":{"start":{"line":19,"column":21},"end":{"line":19,"column":31}}},"3":{"name":"(anonymous_3)","decl":{"start":{"line":20,"column":12},"end":{"line":20,"column":13}},"loc":{"start":{"line":20,"column":23},"end":{"line":23,"column":7}}},"4":{"name":"(anonymous_4)","decl":{"start":{"line":24,"column":13},"end":{"line":24,"column":14}},"loc":{"start":{"line":24,"column":23},"end":{"line":27,"column":7}}},"5":{"name":"(anonymous_5)","decl":{"start":{"line":46,"column":22},"end":{"line":46,"column":25}},"loc":{"start":{"line":46,"column":27},"end":{"line":48,"column":3}}}},"branchMap":{"0":{"loc":{"start":{"line":30,"column":2},"end":{"line":37,"column":null}},"type":"if","locations":[{"start":{"line":30,"column":2},"end":{"line":37,"column":null}}]},"1":{"loc":{"start":{"line":39,"column":2},"end":{"line":41,"column":null}},"type":"if","locations":[{"start":{"line":39,"column":2},"end":{"line":41,"column":null}}]},"2":{"loc":{"start":{"line":43,"column":2},"end":{"line":45,"column":null}},"type":"if","locations":[{"start":{"line":43,"column":2},"end":{"line":45,"column":null}}]}},"s":{"0":1,"1":1,"2":1,"3":1,"4":1,"5":1,"6":9,"7":9,"8":9,"9":9,"10":9,"11":9,"12":3,"13":3,"14":3,"15":3,"16":3,"17":0,"18":0,"19":9,"20":3,"21":6,"22":0,"23":6,"24":3,"25":3,"26":1,"27":3,"28":1},"f":{"0":9,"1":3,"2":3,"3":3,"4":0,"5":1},"b":{"0":[3],"1":[0],"2":[3]}}
,"C:\\Users\\user\\Desktop\\React 2024\\React-2024\\React-2024\\src\\components\\Pagination\\Paginations.tsx": {"path":"C:\\Users\\user\\Desktop\\React 2024\\React-2024\\React-2024\\src\\components\\Pagination\\Paginations.tsx","statementMap":{"0":{"start":{"line":1,"column":0},"end":{"line":1,"column":27}},"1":{"start":{"line":10,"column":2},"end":{"line":59,"column":4}},"2":{"start":{"line":61,"column":0},"end":{"line":61,"column":27}}},"fnMap":{"0":{"name":"Paginations","decl":{"start":{"line":9,"column":9},"end":{"line":9,"column":20}},"loc":{"start":{"line":9,"column":74},"end":{"line":60,"column":1}}}},"branchMap":{},"s":{"0":1,"1":5,"2":1},"f":{"0":5},"b":{}}
,"C:\\Users\\user\\Desktop\\React 2024\\React-2024\\React-2024\\src\\components\\Seach\\Seach.tsx": {"path":"C:\\Users\\user\\Desktop\\React 2024\\React-2024\\React-2024\\src\\components\\Seach\\Seach.tsx","statementMap":{"0":{"start":{"line":1,"column":0},"end":{"line":1,"column":44}},"1":{"start":{"line":2,"column":0},"end":{"line":2,"column":21}},"2":{"start":{"line":3,"column":0},"end":{"line":3,"column":53}},"3":{"start":{"line":10,"column":30},"end":{"line":10,"column":50}},"4":{"start":{"line":11,"column":44},"end":{"line":11,"column":68}},"5":{"start":{"line":13,"column":2},"end":{"line":18,"column":25}},"6":{"start":{"line":14,"column":4},"end":{"line":17,"column":null}},"7":{"start":{"line":15,"column":6},"end":{"line":15,"column":34}},"8":{"start":{"line":16,"column":6},"end":{"line":16,"column":29}},"9":{"start":{"line":20,"column":22},"end":{"line":24,"column":3}},"10":{"start":{"line":21,"column":4},"end":{"line":23,"column":null}},"11":{"start":{"line":22,"column":6},"end":{"line":22,"column":27}},"12":{"start":{"line":25,"column":2},"end":{"line":44,"column":4}},"13":{"start":{"line":32,"column":12},"end":{"line":32,"column":42}},"14":{"start":{"line":33,"column":12},"end":{"line":33,"column":36}},"15":{"start":{"line":38,"column":47},"end":{"line":38,"column":67}},"16":{"start":{"line":47,"column":0},"end":{"line":47,"column":21}}},"fnMap":{"0":{"name":"Seach","decl":{"start":{"line":9,"column":9},"end":{"line":9,"column":14}},"loc":{"start":{"line":9,"column":62},"end":{"line":45,"column":1}}},"1":{"name":"(anonymous_1)","decl":{"start":{"line":13,"column":12},"end":{"line":13,"column":15}},"loc":{"start":{"line":13,"column":17},"end":{"line":18,"column":3}}},"2":{"name":"(anonymous_2)","decl":{"start":{"line":20,"column":22},"end":{"line":20,"column":23}},"loc":{"start":{"line":20,"column":71},"end":{"line":24,"column":3}}},"3":{"name":"(anonymous_3)","decl":{"start":{"line":31,"column":20},"end":{"line":31,"column":21}},"loc":{"start":{"line":31,"column":30},"end":{"line":34,"column":11}}},"4":{"name":"(anonymous_4)","decl":{"start":{"line":38,"column":41},"end":{"line":38,"column":44}},"loc":{"start":{"line":38,"column":47},"end":{"line":38,"column":67}}}},"branchMap":{"0":{"loc":{"start":{"line":14,"column":4},"end":{"line":17,"column":null}},"type":"if","locations":[{"start":{"line":14,"column":4},"end":{"line":17,"column":null}}]},"1":{"loc":{"start":{"line":21,"column":4},"end":{"line":23,"column":null}},"type":"if","locations":[{"start":{"line":21,"column":4},"end":{"line":23,"column":null}}]},"2":{"loc":{"start":{"line":30,"column":17},"end":{"line":30,"column":58}},"type":"cond-expr","locations":[{"start":{"line":30,"column":33},"end":{"line":30,"column":49}},{"start":{"line":30,"column":52},"end":{"line":30,"column":58}}]}},"s":{"0":2,"1":2,"2":2,"3":7,"4":7,"5":7,"6":3,"7":1,"8":1,"9":7,"10":0,"11":0,"12":7,"13":0,"14":0,"15":0,"16":2},"f":{"0":7,"1":3,"2":0,"3":0,"4":0},"b":{"0":[1],"1":[0],"2":[1,6]}}
,"C:\\Users\\user\\Desktop\\React 2024\\React-2024\\React-2024\\src\\components\\loading\\Loader.tsx": {"path":"C:\\Users\\user\\Desktop\\React 2024\\React-2024\\React-2024\\src\\components\\loading\\Loader.tsx","statementMap":{"0":{"start":{"line":1,"column":0},"end":{"line":1,"column":22}},"1":{"start":{"line":4,"column":2},"end":{"line":8,"column":4}},"2":{"start":{"line":11,"column":0},"end":{"line":11,"column":22}}},"fnMap":{"0":{"name":"Loader","decl":{"start":{"line":3,"column":9},"end":{"line":3,"column":15}},"loc":{"start":{"line":3,"column":15},"end":{"line":9,"column":1}}}},"branchMap":{},"s":{"0":2,"1":5,"2":2},"f":{"0":5},"b":{}}
,"C:\\Users\\user\\Desktop\\React 2024\\React-2024\\React-2024\\src\\consts\\api.ts": {"path":"C:\\Users\\user\\Desktop\\React 2024\\React-2024\\React-2024\\src\\consts\\api.ts","statementMap":{"0":{"start":{"line":1,"column":24},"end":{"line":1,"column":70}},"1":{"start":{"line":2,"column":31},"end":{"line":2,"column":44}},"2":{"start":{"line":3,"column":13},"end":{"line":3,"column":44}},"3":{"start":{"line":4,"column":13},"end":{"line":4,"column":59}},"4":{"start":{"line":5,"column":13},"end":{"line":5,"column":70}}},"fnMap":{},"branchMap":{},"s":{"0":3,"1":3,"2":3,"3":3,"4":3},"f":{},"b":{}}
}
