TN:
SF:src\Page.tsx
FN:9,Page
FN:20,(anonymous_1)
FN:29,(anonymous_2)
FN:34,(anonymous_3)
FN:42,(anonymous_4)
FN:46,(anonymous_5)
FN:59,(anonymous_6)
FN:60,(anonymous_7)
FN:69,(anonymous_8)
FN:75,(anonymous_9)
FNF:10
FNH:7
FNDA:6,Page
FNDA:1,(anonymous_1)
FNDA:3,(anonymous_2)
FNDA:1,(anonymous_3)
FNDA:3,(anonymous_4)
FNDA:0,(anonymous_5)
FNDA:0,(anonymous_6)
FNDA:0,(anonymous_7)
FNDA:1,(anonymous_8)
FNDA:1,(anonymous_9)
DA:1,1
DA:2,1
DA:3,1
DA:4,1
DA:6,1
DA:7,1
DA:10,6
DA:12,6
DA:15,6
DA:16,6
DA:17,6
DA:19,6
DA:20,6
DA:22,1
DA:23,1
DA:26,6
DA:27,6
DA:29,6
DA:30,3
DA:31,3
DA:32,3
DA:34,6
DA:35,1
DA:36,1
DA:37,1
DA:38,1
DA:39,1
DA:40,1
DA:42,6
DA:44,3
DA:46,6
DA:47,0
DA:48,0
DA:49,0
DA:50,0
DA:51,0
DA:52,0
DA:54,0
DA:55,0
DA:56,0
DA:57,0
DA:58,0
DA:59,0
DA:61,0
DA:62,0
DA:63,0
DA:64,0
DA:66,0
DA:69,6
DA:70,1
DA:71,1
DA:72,1
DA:75,6
DA:76,1
DA:77,1
DA:78,1
DA:80,6
DA:81,6
DA:103,1
LF:59
LH:42
BRDA:23,0,0,0
BRDA:23,0,1,1
BRDA:31,1,0,3
BRDA:31,1,1,1
BRDA:37,2,0,0
BRDA:37,2,1,1
BRDA:38,3,0,0
BRDA:38,3,1,1
BRDA:47,4,0,0
BRDA:76,5,0,1
BRDA:76,5,1,0
BRF:11
BRH:6
end_of_record
TN:
SF:src\Page_404\Page_404.tsx
FN:3,Page_404
FNF:1
FNH:1
FNDA:1,Page_404
DA:1,1
DA:4,1
DA:11,1
LF:3
LH:3
BRF:0
BRH:0
end_of_record
TN:
SF:src\components\CartItem\CartItem.tsx
FN:12,CartItem
FNF:1
FNH:1
FNDA:2,CartItem
DA:1,3
DA:3,3
DA:4,3
DA:5,3
DA:13,2
DA:15,2
DA:17,2
DA:37,3
LF:8
LH:8
BRDA:20,0,0,0
BRDA:20,0,1,2
BRDA:23,1,0,0
BRDA:23,1,1,2
BRDA:29,2,0,0
BRDA:29,2,1,2
BRDA:19,3,0,2
BRDA:19,3,1,0
BRF:8
BRH:4
end_of_record
TN:
SF:src\components\Carts\Carts.tsx
FN:10,extractIdFromUrl
FN:15,Carts
FN:19,(anonymous_2)
FN:34,(anonymous_3)
FN:45,(anonymous_4)
FN:55,(anonymous_5)
FNF:6
FNH:4
FNDA:7,extractIdFromUrl
FNDA:5,Carts
FNDA:0,(anonymous_2)
FNDA:2,(anonymous_3)
FNDA:2,(anonymous_4)
FNDA:0,(anonymous_5)
DA:1,3
DA:2,3
DA:3,3
DA:10,3
DA:11,7
DA:12,7
DA:16,5
DA:17,5
DA:18,5
DA:19,5
DA:20,0
DA:21,0
DA:25,5
DA:35,2
DA:46,2
DA:56,0
DA:64,3
LF:17
LH:14
BRDA:20,0,0,0
BRDA:29,1,0,0
BRDA:29,1,1,5
BRDA:31,2,0,4
BRDA:31,2,1,1
BRDA:33,3,0,1
BRDA:33,3,1,0
BRDA:36,4,0,0
BRDA:36,4,1,2
BRDA:46,5,0,0
BRDA:46,5,1,2
BRDA:46,6,0,0
BRDA:46,6,1,2
BRF:13
BRH:7
end_of_record
TN:
SF:src\components\ErrorBoundary\ErrorBoundary.tsx
FN:6,(anonymous_0)
FN:15,(anonymous_1)
FN:19,(anonymous_2)
FN:28,(anonymous_3)
FNF:4
FNH:4
FNDA:5,(anonymous_0)
FNDA:2,(anonymous_1)
FNDA:1,(anonymous_2)
FNDA:10,(anonymous_3)
DA:1,2
DA:2,2
DA:7,5
DA:8,4
DA:16,2
DA:20,1
DA:25,1
DA:29,10
DA:30,3
DA:38,7
DA:41,2
LF:11
LH:11
BRDA:29,0,0,3
BRF:1
BRH:1
end_of_record
TN:
SF:src\components\ErrorButton\ErrorButton.tsx
FN:5,(anonymous_0)
FN:11,(anonymous_1)
FNF:2
FNH:1
FNDA:7,(anonymous_0)
FNDA:0,(anonymous_1)
DA:1,2
DA:2,2
DA:5,2
DA:6,7
DA:11,7
DA:12,0
DA:13,0
DA:16,7
DA:17,0
DA:20,7
DA:27,2
LF:11
LH:8
BRDA:16,0,0,0
BRF:1
BRH:0
end_of_record
TN:
SF:src\components\ErrorMessage\ErrorMessage.tsx
FN:4,ErrorMessage
FN:6,(anonymous_1)
FNF:2
FNH:2
FNDA:2,ErrorMessage
FNDA:1,(anonymous_1)
DA:2,2
DA:4,2
DA:5,2
DA:6,2
DA:7,1
DA:10,2
LF:6
LH:6
BRF:0
BRH:0
end_of_record
TN:
SF:src\components\Main\Main.tsx
FN:13,Main
FN:17,(anonymous_1)
FN:19,(anonymous_2)
FN:20,(anonymous_3)
FN:24,(anonymous_4)
FNF:5
FNH:4
FNDA:6,Main
FNDA:3,(anonymous_1)
FNDA:3,(anonymous_2)
FNDA:0,(anonymous_3)
FNDA:3,(anonymous_4)
DA:1,1
DA:2,1
DA:3,1
DA:4,1
DA:14,6
DA:15,6
DA:16,6
DA:17,6
DA:18,3
DA:19,3
DA:21,0
DA:22,0
DA:25,3
DA:29,6
DA:30,2
DA:33,4
DA:36,1
LF:17
LH:15
BRDA:29,0,0,2
BRF:1
BRH:1
end_of_record
TN:
SF:src\components\PageItemCart\PageItemCart.tsx
FN:9,PageItemCart
FN:16,(anonymous_1)
FN:19,(anonymous_2)
FN:20,(anonymous_3)
FN:24,(anonymous_4)
FN:46,(anonymous_5)
FNF:6
FNH:5
FNDA:9,PageItemCart
FNDA:3,(anonymous_1)
FNDA:3,(anonymous_2)
FNDA:3,(anonymous_3)
FNDA:0,(anonymous_4)
FNDA:1,(anonymous_5)
DA:1,1
DA:2,1
DA:3,1
DA:4,1
DA:5,1
DA:7,1
DA:10,9
DA:11,9
DA:12,9
DA:13,9
DA:14,9
DA:16,9
DA:17,3
DA:18,3
DA:19,3
DA:21,3
DA:22,3
DA:25,0
DA:26,0
DA:30,9
DA:31,3
DA:39,6
DA:40,0
DA:43,6
DA:44,3
DA:46,3
DA:47,1
DA:50,3
DA:102,1
LF:29
LH:26
BRDA:30,0,0,3
BRDA:39,1,0,0
BRDA:43,2,0,3
BRF:3
BRH:2
end_of_record
TN:
SF:src\components\Pagination\Paginations.tsx
FN:9,Paginations
FNF:1
FNH:1
FNDA:5,Paginations
DA:1,1
DA:10,5
DA:11,5
DA:62,1
LF:4
LH:4
BRF:0
BRH:0
end_of_record
TN:
SF:src\components\Seach\Seach.tsx
FN:9,Seach
FN:13,(anonymous_1)
FN:20,(anonymous_2)
FN:31,(anonymous_3)
FN:38,(anonymous_4)
FNF:5
FNH:2
FNDA:7,Seach
FNDA:3,(anonymous_1)
FNDA:0,(anonymous_2)
FNDA:0,(anonymous_3)
FNDA:0,(anonymous_4)
DA:1,2
DA:2,2
DA:3,2
DA:10,7
DA:11,7
DA:13,7
DA:14,3
DA:15,1
DA:16,1
DA:20,7
DA:21,0
DA:22,0
DA:25,7
DA:32,0
DA:33,0
DA:38,0
DA:47,2
LF:17
LH:12
BRDA:14,0,0,1
BRDA:21,1,0,0
BRDA:30,2,0,1
BRDA:30,2,1,6
BRF:4
BRH:3
end_of_record
TN:
SF:src\components\loading\Loader.tsx
FN:3,Loader
FNF:1
FNH:1
FNDA:5,Loader
DA:1,2
DA:4,5
DA:11,2
LF:3
LH:3
BRF:0
BRH:0
end_of_record
TN:
SF:src\consts\api.ts
FNF:0
FNH:0
DA:1,3
DA:2,3
DA:3,3
DA:4,3
DA:5,3
LF:5
LH:5
BRF:0
BRH:0
end_of_record
