TN:
SF:src\components\CartItem\CartItem.tsx
FN:11,CartItem
FNF:1
FNH:1
FNDA:10,CartItem
DA:1,1
DA:2,1
DA:3,1
DA:4,1
DA:5,1
DA:6,1
DA:7,1
DA:8,1
DA:9,1
DA:10,1
DA:11,10
DA:12,10
DA:13,10
DA:14,10
DA:15,10
DA:16,10
DA:17,10
DA:18,10
DA:19,10
DA:20,10
DA:21,10
DA:22,10
DA:23,10
DA:24,10
DA:25,10
DA:26,10
DA:27,10
DA:28,10
DA:29,1
DA:30,1
LF:30
LH:30
BRDA:11,0,0,10
BRDA:14,1,0,0
BRF:2
BRH:1
end_of_record
TN:
SF:src\components\Checkbox\Checkbox.tsx
FN:10,Checkbox
FN:20,handleChange
FNF:2
FNH:2
FNDA:3,Checkbox
FNDA:1,handleChange
DA:1,1
DA:2,1
DA:3,1
DA:4,1
DA:5,1
DA:6,1
DA:7,1
DA:8,1
DA:9,1
DA:10,3
DA:11,3
DA:12,3
DA:13,3
DA:14,3
DA:15,3
DA:16,3
DA:17,3
DA:18,3
DA:19,3
DA:20,3
DA:21,1
DA:22,0
DA:23,0
DA:24,0
DA:25,0
DA:26,0
DA:27,0
DA:28,0
DA:29,1
DA:30,1
DA:31,1
DA:32,1
DA:33,3
DA:34,3
DA:35,3
DA:36,3
DA:37,3
DA:38,3
DA:39,3
DA:40,3
DA:41,3
DA:42,3
DA:43,3
DA:44,3
DA:45,1
LF:45
LH:38
BRDA:10,0,0,3
BRDA:13,1,0,6
BRDA:17,2,0,1
BRDA:20,3,0,1
BRDA:21,4,0,0
BRF:5
BRH:4
end_of_record
TN:
SF:src\components\Download\Download.tsx
FN:6,convertToCSV
FN:36,Download
FNF:2
FNH:2
FNDA:1,convertToCSV
FNDA:1,Download
DA:1,1
DA:2,1
DA:3,1
DA:4,1
DA:5,1
DA:6,1
DA:7,1
DA:8,1
DA:9,1
DA:10,1
DA:11,1
DA:12,1
DA:13,1
DA:14,1
DA:15,1
DA:16,1
DA:17,1
DA:18,0
DA:19,0
DA:20,0
DA:21,0
DA:22,0
DA:23,0
DA:24,0
DA:25,0
DA:26,0
DA:27,0
DA:28,0
DA:29,1
DA:30,1
DA:31,1
DA:32,1
DA:33,1
DA:34,1
DA:35,1
DA:36,1
DA:37,1
DA:38,1
DA:39,1
DA:40,1
DA:41,1
DA:42,1
DA:43,1
DA:44,1
DA:45,1
DA:46,1
DA:47,1
DA:48,1
DA:49,1
DA:50,1
DA:51,1
DA:52,1
DA:53,1
DA:54,1
DA:55,1
DA:56,1
DA:57,1
LF:57
LH:46
BRDA:6,0,0,1
BRDA:31,1,0,1
BRDA:36,2,0,1
BRDA:38,3,0,2
BRF:4
BRH:4
end_of_record
TN:
SF:src\components\ErrorBoundary\ErrorBoundary.tsx
FN:6,ErrorBoundary
FN:15,getDerivedStateFromError
FN:19,componentDidCatch
FN:26,render
FNF:4
FNH:4
FNDA:4,ErrorBoundary
FNDA:2,getDerivedStateFromError
FNDA:1,componentDidCatch
FNDA:6,render
DA:1,1
DA:2,1
DA:3,1
DA:4,1
DA:5,1
DA:6,1
DA:7,4
DA:8,4
DA:9,4
DA:10,4
DA:11,4
DA:12,4
DA:13,4
DA:14,1
DA:15,1
DA:16,2
DA:17,2
DA:18,1
DA:19,1
DA:20,1
DA:21,1
DA:22,1
DA:23,1
DA:24,1
DA:25,1
DA:26,1
DA:27,6
DA:28,3
DA:29,3
DA:30,3
DA:31,3
DA:32,3
DA:33,3
DA:34,3
DA:35,3
DA:36,3
DA:37,3
DA:38,1
DA:39,1
LF:39
LH:39
BRDA:6,0,0,4
BRDA:15,1,0,2
BRDA:19,2,0,1
BRDA:26,3,0,6
BRDA:27,4,0,3
BRF:5
BRH:5
end_of_record
TN:
SF:src\components\ErrorButton\ErrorButton.tsx
FN:5,ErrorButton
FN:11,handleClick
FNF:2
FNH:1
FNDA:3,ErrorButton
FNDA:0,handleClick
DA:1,1
DA:2,1
DA:3,1
DA:4,1
DA:5,1
DA:6,3
DA:7,3
DA:8,3
DA:9,3
DA:10,3
DA:11,3
DA:12,0
DA:13,0
DA:14,0
DA:15,3
DA:16,3
DA:17,0
DA:18,0
DA:19,3
DA:20,3
DA:21,3
DA:22,3
DA:23,3
DA:24,3
DA:25,3
DA:26,1
DA:27,1
LF:27
LH:22
BRDA:5,0,0,3
BRDA:16,1,0,0
BRF:2
BRH:1
end_of_record
TN:
SF:src\components\Loader\Loader.tsx
FN:3,Loader
FNF:1
FNH:1
FNDA:1,Loader
DA:1,1
DA:2,1
DA:3,1
DA:4,1
DA:5,1
DA:6,1
DA:7,1
DA:8,1
DA:9,1
DA:10,1
DA:11,1
LF:11
LH:11
BRDA:3,0,0,1
BRF:1
BRH:1
end_of_record
TN:
SF:src\components\PeopleCarts\Carts.tsx
FN:11,extractIdFromUrl
FN:16,Carts
FNF:2
FNH:2
FNDA:10,extractIdFromUrl
FNDA:1,Carts
DA:1,1
DA:2,1
DA:3,1
DA:4,1
DA:5,1
DA:6,1
DA:7,1
DA:8,1
DA:9,1
DA:10,1
DA:11,1
DA:12,10
DA:13,10
DA:14,10
DA:15,1
DA:16,1
DA:17,1
DA:18,1
DA:19,1
DA:20,1
DA:21,1
DA:22,1
DA:23,1
DA:24,0
DA:25,0
DA:26,0
DA:27,0
DA:28,0
DA:29,0
DA:30,0
DA:31,0
DA:32,0
DA:33,0
DA:34,0
DA:35,0
DA:36,0
DA:37,0
DA:38,1
DA:39,1
DA:40,1
DA:41,1
DA:42,1
DA:43,1
DA:44,1
DA:45,1
DA:46,1
DA:47,1
LF:47
LH:33
BRDA:11,0,0,10
BRDA:16,1,0,1
BRDA:23,2,0,0
BRF:3
BRH:2
end_of_record
TN:
SF:src\components\Seach\Seach.tsx
FN:11,Seach
FN:22,handleEnter
FN:34,onChange
FN:41,onClick
FNF:4
FNH:1
FNDA:3,Seach
FNDA:0,handleEnter
FNDA:0,onChange
FNDA:0,onClick
DA:1,1
DA:2,1
DA:3,1
DA:4,1
DA:5,1
DA:6,1
DA:7,1
DA:8,1
DA:9,1
DA:10,1
DA:11,3
DA:12,3
DA:13,3
DA:14,3
DA:15,3
DA:16,2
DA:17,1
DA:18,1
DA:19,1
DA:20,3
DA:21,3
DA:22,3
DA:23,0
DA:24,0
DA:25,0
DA:26,0
DA:27,3
DA:28,3
DA:29,3
DA:30,3
DA:31,3
DA:32,3
DA:33,3
DA:34,3
DA:35,0
DA:36,0
DA:37,0
DA:38,3
DA:39,3
DA:40,3
DA:41,3
DA:42,3
DA:43,3
DA:44,3
DA:45,3
DA:46,3
DA:47,3
DA:48,3
DA:49,1
DA:50,1
LF:50
LH:43
BRDA:11,0,0,3
BRDA:33,1,0,1
BRDA:33,2,0,2
BRDA:15,3,0,2
BRDA:16,4,0,1
BRF:5
BRH:5
end_of_record
TN:
SF:src\consts\api.ts
FNF:0
FNH:0
DA:1,1
DA:2,1
DA:3,1
DA:4,1
DA:5,1
LF:5
LH:5
BRF:0
BRH:0
end_of_record
TN:
SF:src\redux\store.ts
FNF:0
FNH:0
DA:1,1
DA:2,1
DA:3,1
DA:4,1
DA:5,1
DA:6,1
DA:7,1
DA:8,1
DA:9,1
DA:10,1
DA:11,1
DA:12,1
DA:13,1
DA:14,1
DA:15,1
DA:16,1
LF:16
LH:16
BRF:0
BRH:0
end_of_record
TN:
SF:src\redux\slices\currentPageSlice.ts
FN:16,setCurrentPage
FN:19,setTotalPages
FNF:2
FNH:0
FNDA:0,setCurrentPage
FNDA:0,setTotalPages
DA:1,1
DA:2,1
DA:3,1
DA:4,1
DA:5,1
DA:6,1
DA:7,1
DA:8,1
DA:9,1
DA:10,1
DA:11,1
DA:12,1
DA:13,1
DA:14,1
DA:15,1
DA:16,1
DA:17,0
DA:18,0
DA:19,1
DA:20,0
DA:21,0
DA:22,1
DA:23,1
DA:24,1
DA:25,1
LF:25
LH:21
BRF:0
BRH:0
end_of_record
TN:
SF:src\redux\slices\itemsCurrentPageSlice.ts
FN:15,setItemsCurrentPage
FNF:1
FNH:0
FNDA:0,setItemsCurrentPage
DA:1,1
DA:2,1
DA:3,1
DA:4,1
DA:5,1
DA:6,1
DA:7,1
DA:8,1
DA:9,1
DA:10,1
DA:11,1
DA:12,1
DA:13,1
DA:14,1
DA:15,1
DA:16,0
DA:17,0
DA:18,1
DA:19,1
DA:20,1
DA:21,1
LF:21
LH:19
BRF:0
BRH:0
end_of_record
TN:
SF:src\redux\slices\itemsDetailsSlice.ts
FN:16,setSelectedCharacters
FN:19,unselectAllItems
FNF:2
FNH:1
FNDA:1,setSelectedCharacters
FNDA:0,unselectAllItems
DA:1,1
DA:2,1
DA:3,1
DA:4,1
DA:5,1
DA:6,1
DA:7,1
DA:8,1
DA:9,1
DA:10,1
DA:11,1
DA:12,1
DA:13,1
DA:14,1
DA:15,1
DA:16,1
DA:17,1
DA:18,1
DA:19,1
DA:20,0
DA:21,0
DA:22,1
DA:23,1
DA:24,1
DA:25,1
DA:26,1
DA:27,1
LF:27
LH:25
BRDA:16,0,0,1
BRF:1
BRH:1
end_of_record
